<?xml version="1.0" encoding="UTF-8"?>
<!-- Generated by org.testng.reporters.JUnitReportReporter -->
<testsuite hostname="Karthi" name="HelloWorld" tests="1" failures="0" timestamp="19 Apr 2017 16:33:11 GMT" time="11.626" errors="0">
  <testcase name="test" time="11.626" classname="HelloWorld"/>
</testsuite> <!-- HelloWorld -->
