<?xml version="1.0" encoding="UTF-8"?>
<!-- Generated by org.testng.reporters.JUnitReportReporter -->
<testsuite hostname="Karthi" name="test.demo" tests="1" failures="0" timestamp="23 Jul 2017 17:38:36 GMT" time="22.389" errors="0">
  <testcase name="f" time="22.389" classname="test.demo"/>
</testsuite> <!-- test.demo -->
