<?xml version="1.0" encoding="UTF-8"?>
<!-- Generated by org.testng.reporters.JUnitReportReporter -->
<testsuite skipped="0" hostname="Karthi" name="HelloWorld" tests="1" failures="0" timestamp="23 Jul 2017 17:45:54 GMT" time="7.347" errors="0">
  <testcase name="test" time="7.347" classname="HelloWorld"/>
</testsuite> <!-- HelloWorld -->
