<?xml version="1.0" encoding="UTF-8"?>
<!-- Generated by org.testng.reporters.JUnitReportReporter -->
<testsuite skipped="0" hostname="Karthi" name="test.demo" tests="1" failures="0" timestamp="23 Jul 2017 18:10:16 GMT" time="9.340" errors="0">
  <testcase name="f" time="9.340" classname="test.demo"/>
</testsuite> <!-- test.demo -->
